<?xml version="1.0" encoding="UTF-8"?>
<!-- Generated by org.testng.reporters.JUnitReportReporter -->
<testsuite ignored="0" hostname="Chandrahasa" failures="0" tests="2" name="com.tests.LoginTest" time="38.815" errors="2" timestamp="03 Mar 2022 20:25:27 GMT" skipped="0">
  <testcase classname="com.tests.LoginTest" name="Login_With_Valid_Credentails" time="16.047">
    <error message="session not created
from disconnected: Unable to receive message from renderer
  (Session info: chrome=98.0.4758.102)
Build info: version: &#039;3.141.59&#039;, revision: &#039;e82be7d358&#039;, time: &#039;2018-11-14T08:17:03&#039;
System info: host: &#039;CHANDRAHASA&#039;, ip: &#039;192.168.0.107&#039;, os.name: &#039;Windows 10&#039;, os.arch: &#039;amd64&#039;, os.version: &#039;10.0&#039;, java.version: &#039;17.0.1&#039;
Driver info: driver.version: ChromeDriver
remote stacktrace: Backtrace:
	Ordinal0 [0x011E69A3+2582947]
	Ordinal0 [0x0117A6D1+2139857]
	Ordinal0 [0x01073A98+1063576]
	Ordinal0 [0x010657E2+1005538]
	Ordinal0 [0x01064727+1001255]
	Ordinal0 [0x010649E6+1001958]
	Ordinal0 [0x010642C5+1000133]
	Ordinal0 [0x0106F993+1046931]
	Ordinal0 [0x01064275+1000053]
	Ordinal0 [0x010651F8+1004024]
	Ordinal0 [0x01064727+1001255]
	Ordinal0 [0x010649E6+1001958]
	Ordinal0 [0x010642C5+1000133]
	Ordinal0 [0x0106D6D3+1038035]
	Ordinal0 [0x01064275+1000053]
	Ordinal0 [0x010651F8+1004024]
	Ordinal0 [0x01064727+1001255]
	Ordinal0 [0x010649E6+1001958]
	Ordinal0 [0x010642C5+1000133]
	Ordinal0 [0x0106B3B9+1029049]
	Ordinal0 [0x01064275+1000053]
	Ordinal0 [0x010651F8+1004024]
	Ordinal0 [0x01064727+1001255]
	Ordinal0 [0x01064AF7+1002231]
	Ordinal0 [0x01064AA8+1002152]
	Ordinal0 [0x0106A566+1025382]
	Ordinal0 [0x01064275+1000053]
	Ordinal0 [0x010651F8+1004024]
	Ordinal0 [0x01064727+1001255]
	Ordinal0 [0x010649E6+1001958]
	Ordinal0 [0x010642C5+1000133]
	Ordinal0 [0x0105FC8D+982157]
	Ordinal0 [0x01064275+1000053]
	Ordinal0 [0x01064000+999424]
	Ordinal0 [0x01063D49+998729]
	Ordinal0 [0x01074DD0+1068496]
	Ordinal0 [0x010BE03C+1368124]
	Ordinal0 [0x010BCC2A+1362986]
	Ordinal0 [0x010B8366+1344358]
	Ordinal0 [0x01095176+1200502]
	Ordinal0 [0x01096066+1204326]
	GetHandleVerifier [0x0138BE02+1675858]
	GetHandleVerifier [0x0144036C+2414524]
	GetHandleVerifier [0x0127BB01+560977]
	GetHandleVerifier [0x0127A8D3+556323]
	Ordinal0 [0x0118020E+2163214]
	Ordinal0 [0x01185078+2183288]
	Ordinal0 [0x011851C0+2183616]
	Ordinal0 [0x0118EE1C+2223644]
	BaseThreadInitThunk [0x76036739+25]
	RtlGetFullPathName_UEx [0x771F8E7F+1215]
	RtlGetFullPathName_UEx [0x771F8E4D+1165]
" type="org.openqa.selenium.SessionNotCreatedException">
      <![CDATA[org.openqa.selenium.SessionNotCreatedException: session not created
from disconnected: Unable to receive message from renderer
  (Session info: chrome=98.0.4758.102)
Build info: version: '3.141.59', revision: 'e82be7d358', time: '2018-11-14T08:17:03'
System info: host: 'CHANDRAHASA', ip: '192.168.0.107', os.name: 'Windows 10', os.arch: 'amd64', os.version: '10.0', java.version: '17.0.1'
Driver info: driver.version: ChromeDriver
remote stacktrace: Backtrace:
	Ordinal0 [0x011E69A3+2582947]
	Ordinal0 [0x0117A6D1+2139857]
	Ordinal0 [0x01073A98+1063576]
	Ordinal0 [0x010657E2+1005538]
	Ordinal0 [0x01064727+1001255]
	Ordinal0 [0x010649E6+1001958]
	Ordinal0 [0x010642C5+1000133]
	Ordinal0 [0x0106F993+1046931]
	Ordinal0 [0x01064275+1000053]
	Ordinal0 [0x010651F8+1004024]
	Ordinal0 [0x01064727+1001255]
	Ordinal0 [0x010649E6+1001958]
	Ordinal0 [0x010642C5+1000133]
	Ordinal0 [0x0106D6D3+1038035]
	Ordinal0 [0x01064275+1000053]
	Ordinal0 [0x010651F8+1004024]
	Ordinal0 [0x01064727+1001255]
	Ordinal0 [0x010649E6+1001958]
	Ordinal0 [0x010642C5+1000133]
	Ordinal0 [0x0106B3B9+1029049]
	Ordinal0 [0x01064275+1000053]
	Ordinal0 [0x010651F8+1004024]
	Ordinal0 [0x01064727+1001255]
	Ordinal0 [0x01064AF7+1002231]
	Ordinal0 [0x01064AA8+1002152]
	Ordinal0 [0x0106A566+1025382]
	Ordinal0 [0x01064275+1000053]
	Ordinal0 [0x010651F8+1004024]
	Ordinal0 [0x01064727+1001255]
	Ordinal0 [0x010649E6+1001958]
	Ordinal0 [0x010642C5+1000133]
	Ordinal0 [0x0105FC8D+982157]
	Ordinal0 [0x01064275+1000053]
	Ordinal0 [0x01064000+999424]
	Ordinal0 [0x01063D49+998729]
	Ordinal0 [0x01074DD0+1068496]
	Ordinal0 [0x010BE03C+1368124]
	Ordinal0 [0x010BCC2A+1362986]
	Ordinal0 [0x010B8366+1344358]
	Ordinal0 [0x01095176+1200502]
	Ordinal0 [0x01096066+1204326]
	GetHandleVerifier [0x0138BE02+1675858]
	GetHandleVerifier [0x0144036C+2414524]
	GetHandleVerifier [0x0127BB01+560977]
	GetHandleVerifier [0x0127A8D3+556323]
	Ordinal0 [0x0118020E+2163214]
	Ordinal0 [0x01185078+2183288]
	Ordinal0 [0x011851C0+2183616]
	Ordinal0 [0x0118EE1C+2223644]
	BaseThreadInitThunk [0x76036739+25]
	RtlGetFullPathName_UEx [0x771F8E7F+1215]
	RtlGetFullPathName_UEx [0x771F8E4D+1165]

	at java.base/jdk.internal.reflect.NativeConstructorAccessorImpl.newInstance0(Native Method)
	at java.base/jdk.internal.reflect.NativeConstructorAccessorImpl.newInstance(NativeConstructorAccessorImpl.java:77)
	at java.base/jdk.internal.reflect.DelegatingConstructorAccessorImpl.newInstance(DelegatingConstructorAccessorImpl.java:45)
	at java.base/java.lang.reflect.Constructor.newInstanceWithCaller(Constructor.java:499)
	at java.base/java.lang.reflect.Constructor.newInstance(Constructor.java:480)
	at org.openqa.selenium.remote.W3CHandshakeResponse.lambda$errorHandler$0(W3CHandshakeResponse.java:62)
	at org.openqa.selenium.remote.HandshakeResponse.lambda$getResponseFunction$0(HandshakeResponse.java:30)
	at org.openqa.selenium.remote.ProtocolHandshake.lambda$createSession$0(ProtocolHandshake.java:126)
	at java.base/java.util.stream.ReferencePipeline$3$1.accept(ReferencePipeline.java:197)
	at java.base/java.util.Spliterators$ArraySpliterator.tryAdvance(Spliterators.java:1002)
	at java.base/java.util.stream.ReferencePipeline.forEachWithCancel(ReferencePipeline.java:129)
	at java.base/java.util.stream.AbstractPipeline.copyIntoWithCancel(AbstractPipeline.java:527)
	at java.base/java.util.stream.AbstractPipeline.copyInto(AbstractPipeline.java:513)
	at java.base/java.util.stream.AbstractPipeline.wrapAndCopyInto(AbstractPipeline.java:499)
	at java.base/java.util.stream.FindOps$FindOp.evaluateSequential(FindOps.java:150)
	at java.base/java.util.stream.AbstractPipeline.evaluate(AbstractPipeline.java:234)
	at java.base/java.util.stream.ReferencePipeline.findFirst(ReferencePipeline.java:647)
	at org.openqa.selenium.remote.ProtocolHandshake.createSession(ProtocolHandshake.java:128)
	at org.openqa.selenium.remote.ProtocolHandshake.createSession(ProtocolHandshake.java:74)
	at org.openqa.selenium.remote.HttpCommandExecutor.execute(HttpCommandExecutor.java:136)
	at org.openqa.selenium.remote.service.DriverCommandExecutor.execute(DriverCommandExecutor.java:83)
	at org.openqa.selenium.remote.RemoteWebDriver.execute(RemoteWebDriver.java:552)
	at org.openqa.selenium.remote.RemoteWebDriver.startSession(RemoteWebDriver.java:213)
	at org.openqa.selenium.remote.RemoteWebDriver.<init>(RemoteWebDriver.java:131)
	at org.openqa.selenium.chrome.ChromeDriver.<init>(ChromeDriver.java:181)
	at org.openqa.selenium.chrome.ChromeDriver.<init>(ChromeDriver.java:168)
	at org.openqa.selenium.chrome.ChromeDriver.<init>(ChromeDriver.java:123)
	at com.tests.LoginTest.LauchAppliucation(LoginTest.java:24)
	at com.tests.LoginTest.Login_With_Valid_Credentails(LoginTest.java:37)
	at java.base/jdk.internal.reflect.NativeMethodAccessorImpl.invoke0(Native Method)
	at java.base/jdk.internal.reflect.NativeMethodAccessorImpl.invoke(NativeMethodAccessorImpl.java:77)
	at java.base/jdk.internal.reflect.DelegatingMethodAccessorImpl.invoke(DelegatingMethodAccessorImpl.java:43)
	at java.base/java.lang.reflect.Method.invoke(Method.java:568)
	at org.testng.internal.MethodInvocationHelper.invokeMethod(MethodInvocationHelper.java:104)
	at org.testng.internal.Invoker.invokeMethod(Invoker.java:645)
	at org.testng.internal.Invoker.invokeTestMethod(Invoker.java:851)
	at org.testng.internal.Invoker.invokeTestMethods(Invoker.java:1177)
	at org.testng.internal.TestMethodWorker.invokeTestMethods(TestMethodWorker.java:129)
	at org.testng.internal.TestMethodWorker.run(TestMethodWorker.java:112)
	at org.testng.TestRunner.privateRun(TestRunner.java:756)
	at org.testng.TestRunner.run(TestRunner.java:610)
	at org.testng.SuiteRunner.runTest(SuiteRunner.java:387)
	at org.testng.SuiteRunner.runSequentially(SuiteRunner.java:382)
	at org.testng.SuiteRunner.privateRun(SuiteRunner.java:340)
	at org.testng.SuiteRunner.run(SuiteRunner.java:289)
	at org.testng.SuiteRunnerWorker.runSuite(SuiteRunnerWorker.java:52)
	at org.testng.SuiteRunnerWorker.run(SuiteRunnerWorker.java:86)
	at org.testng.TestNG.runSuitesSequentially(TestNG.java:1293)
	at org.testng.TestNG.runSuitesLocally(TestNG.java:1218)
	at org.testng.TestNG.runSuites(TestNG.java:1133)
	at org.testng.TestNG.run(TestNG.java:1104)
	at org.testng.remote.AbstractRemoteTestNG.run(AbstractRemoteTestNG.java:115)
	at org.testng.remote.RemoteTestNG.initAndRun(RemoteTestNG.java:251)
	at org.testng.remote.RemoteTestNG.main(RemoteTestNG.java:77)
]]>
    </error>
  </testcase> <!-- Login_With_Valid_Credentails -->
  <testcase classname="com.tests.LoginTest" name="Login_With_InValid_Credentails" time="22.768">
    <error message="no such element: Unable to locate element: {&quot;method&quot;:&quot;xpath&quot;,&quot;selector&quot;:&quot;//span[text()=&#039;Products&#039;]&quot;}
  (Session info: chrome=98.0.4758.102)
For documentation on this error, please visit: https://www.seleniumhq.org/exceptions/no_such_element.html
Build info: version: &#039;3.141.59&#039;, revision: &#039;e82be7d358&#039;, time: &#039;2018-11-14T08:17:03&#039;
System info: host: &#039;CHANDRAHASA&#039;, ip: &#039;192.168.0.107&#039;, os.name: &#039;Windows 10&#039;, os.arch: &#039;amd64&#039;, os.version: &#039;10.0&#039;, java.version: &#039;17.0.1&#039;
Driver info: org.openqa.selenium.chrome.ChromeDriver
Capabilities {acceptInsecureCerts: false, browserName: chrome, browserVersion: 98.0.4758.102, chrome: {chromedriverVersion: 98.0.4758.102 (273bf7ac8c90..., userDataDir: C:\Users\CHANDR~1\AppData\L...}, goog:chromeOptions: {debuggerAddress: localhost:52811}, javascriptEnabled: true, networkConnectionEnabled: false, pageLoadStrategy: normal, platform: WINDOWS, platformName: WINDOWS, proxy: Proxy(), setWindowRect: true, strictFileInteractability: false, timeouts: {implicit: 0, pageLoad: 300000, script: 30000}, unhandledPromptBehavior: dismiss and notify, webauthn:extension:credBlob: true, webauthn:extension:largeBlob: true, webauthn:virtualAuthenticators: true}
Session ID: 6a77e69ed08dfcea4ab870ab7faac241
*** Element info: {Using=xpath, value=//span[text()=&#039;Products&#039;]}" type="org.openqa.selenium.NoSuchElementException">
      <![CDATA[org.openqa.selenium.NoSuchElementException: no such element: Unable to locate element: {"method":"xpath","selector":"//span[text()='Products']"}
  (Session info: chrome=98.0.4758.102)
For documentation on this error, please visit: https://www.seleniumhq.org/exceptions/no_such_element.html
Build info: version: '3.141.59', revision: 'e82be7d358', time: '2018-11-14T08:17:03'
System info: host: 'CHANDRAHASA', ip: '192.168.0.107', os.name: 'Windows 10', os.arch: 'amd64', os.version: '10.0', java.version: '17.0.1'
Driver info: org.openqa.selenium.chrome.ChromeDriver
Capabilities {acceptInsecureCerts: false, browserName: chrome, browserVersion: 98.0.4758.102, chrome: {chromedriverVersion: 98.0.4758.102 (273bf7ac8c90..., userDataDir: C:\Users\CHANDR~1\AppData\L...}, goog:chromeOptions: {debuggerAddress: localhost:52811}, javascriptEnabled: true, networkConnectionEnabled: false, pageLoadStrategy: normal, platform: WINDOWS, platformName: WINDOWS, proxy: Proxy(), setWindowRect: true, strictFileInteractability: false, timeouts: {implicit: 0, pageLoad: 300000, script: 30000}, unhandledPromptBehavior: dismiss and notify, webauthn:extension:credBlob: true, webauthn:extension:largeBlob: true, webauthn:virtualAuthenticators: true}
Session ID: 6a77e69ed08dfcea4ab870ab7faac241
*** Element info: {Using=xpath, value=//span[text()='Products']}
	at java.base/jdk.internal.reflect.NativeConstructorAccessorImpl.newInstance0(Native Method)
	at java.base/jdk.internal.reflect.NativeConstructorAccessorImpl.newInstance(NativeConstructorAccessorImpl.java:77)
	at java.base/jdk.internal.reflect.DelegatingConstructorAccessorImpl.newInstance(DelegatingConstructorAccessorImpl.java:45)
	at java.base/java.lang.reflect.Constructor.newInstanceWithCaller(Constructor.java:499)
	at java.base/java.lang.reflect.Constructor.newInstance(Constructor.java:480)
	at org.openqa.selenium.remote.http.W3CHttpResponseCodec.createException(W3CHttpResponseCodec.java:187)
	at org.openqa.selenium.remote.http.W3CHttpResponseCodec.decode(W3CHttpResponseCodec.java:122)
	at org.openqa.selenium.remote.http.W3CHttpResponseCodec.decode(W3CHttpResponseCodec.java:49)
	at org.openqa.selenium.remote.HttpCommandExecutor.execute(HttpCommandExecutor.java:158)
	at org.openqa.selenium.remote.service.DriverCommandExecutor.execute(DriverCommandExecutor.java:83)
	at org.openqa.selenium.remote.RemoteWebDriver.execute(RemoteWebDriver.java:552)
	at org.openqa.selenium.remote.RemoteWebDriver.findElement(RemoteWebDriver.java:323)
	at org.openqa.selenium.remote.RemoteWebDriver.findElementByXPath(RemoteWebDriver.java:428)
	at org.openqa.selenium.By$ByXPath.findElement(By.java:353)
	at org.openqa.selenium.remote.RemoteWebDriver.findElement(RemoteWebDriver.java:315)
	at com.pages.DashboardPage.VerifyProductLableIsDisplayed(DashboardPage.java:13)
	at com.tests.LoginTest.Login_With_InValid_Credentails(LoginTest.java:50)
	at java.base/jdk.internal.reflect.NativeMethodAccessorImpl.invoke0(Native Method)
	at java.base/jdk.internal.reflect.NativeMethodAccessorImpl.invoke(NativeMethodAccessorImpl.java:77)
	at java.base/jdk.internal.reflect.DelegatingMethodAccessorImpl.invoke(DelegatingMethodAccessorImpl.java:43)
	at java.base/java.lang.reflect.Method.invoke(Method.java:568)
	at org.testng.internal.MethodInvocationHelper.invokeMethod(MethodInvocationHelper.java:104)
	at org.testng.internal.Invoker.invokeMethod(Invoker.java:645)
	at org.testng.internal.Invoker.invokeTestMethod(Invoker.java:851)
	at org.testng.internal.Invoker.invokeTestMethods(Invoker.java:1177)
	at org.testng.internal.TestMethodWorker.invokeTestMethods(TestMethodWorker.java:129)
	at org.testng.internal.TestMethodWorker.run(TestMethodWorker.java:112)
	at org.testng.TestRunner.privateRun(TestRunner.java:756)
	at org.testng.TestRunner.run(TestRunner.java:610)
	at org.testng.SuiteRunner.runTest(SuiteRunner.java:387)
	at org.testng.SuiteRunner.runSequentially(SuiteRunner.java:382)
	at org.testng.SuiteRunner.privateRun(SuiteRunner.java:340)
	at org.testng.SuiteRunner.run(SuiteRunner.java:289)
	at org.testng.SuiteRunnerWorker.runSuite(SuiteRunnerWorker.java:52)
	at org.testng.SuiteRunnerWorker.run(SuiteRunnerWorker.java:86)
	at org.testng.TestNG.runSuitesSequentially(TestNG.java:1293)
	at org.testng.TestNG.runSuitesLocally(TestNG.java:1218)
	at org.testng.TestNG.runSuites(TestNG.java:1133)
	at org.testng.TestNG.run(TestNG.java:1104)
	at org.testng.remote.AbstractRemoteTestNG.run(AbstractRemoteTestNG.java:115)
	at org.testng.remote.RemoteTestNG.initAndRun(RemoteTestNG.java:251)
	at org.testng.remote.RemoteTestNG.main(RemoteTestNG.java:77)
]]>
    </error>
  </testcase> <!-- Login_With_InValid_Credentails -->
</testsuite> <!-- com.tests.LoginTest -->
